2018-01-23 00:28:02.131462: I tensorflow/core/platform/cpu_feature_guard.cc:137] Your CPU supports instructions that this TensorFlow binary was not compiled to use: SSE4.1 SSE4.2 AVX AVX2 FMA
Epoch 0
# of batches 9
[0.52770609, 413.0, 7358.0, 5.0, 6950.0]
Epoch 1
# of batches 9
[0.72708136, 4681.0, 6026.0, 1337.0, 2682.0]
Epoch 2
# of batches 9
[0.73638463, 6300.0, 4544.0, 2819.0, 1063.0]
Epoch 3
# of batches 9
[0.78928429, 5301.0, 6322.0, 1041.0, 2062.0]
Epoch 4
# of batches 9
[0.81169361, 5231.0, 6722.0, 641.0, 2132.0]
Epoch 5
# of batches 9
[0.83552897, 5559.0, 6745.0, 618.0, 1804.0]
Epoch 6
# of batches 9
[0.8615374, 5927.0, 6760.0, 603.0, 1436.0]
Epoch 7
# of batches 9
[0.88313186, 6178.0, 6827.0, 536.0, 1185.0]
Epoch 8
# of batches 9
[0.89494771, 6285.0, 6894.0, 469.0, 1078.0]
Epoch 9
# of batches 9
[0.90581286, 6430.0, 6909.0, 454.0, 933.0]
Epoch 10
# of batches 9
[0.91559148, 6587.0, 6896.0, 467.0, 776.0]
Epoch 11
# of batches 9
[0.91959798, 6625.0, 6917.0, 446.0, 738.0]
Epoch 12
# of batches 9
[0.92652452, 6749.0, 6895.0, 468.0, 614.0]
Epoch 13
# of batches 9
[0.93046314, 6807.0, 6895.0, 468.0, 556.0]
Epoch 14
# of batches 9
[0.93474126, 6858.0, 6907.0, 456.0, 505.0]
Epoch 15
# of batches 9
[0.93643898, 6871.0, 6919.0, 444.0, 492.0]
Epoch 16
# of batches 9
[0.9375934, 6850.0, 6957.0, 406.0, 513.0]
Epoch 17
# of batches 9
[0.93963057, 6837.0, 7000.0, 363.0, 526.0]
Epoch 18
# of batches 9
[0.94024175, 6811.0, 7035.0, 328.0, 552.0]
Epoch 19
# of batches 9
[0.94064921, 6799.0, 7053.0, 310.0, 564.0]
Epoch 20
# of batches 9
[0.94173568, 6789.0, 7079.0, 284.0, 574.0]
Epoch 21
# of batches 9
[0.9416678, 6776.0, 7091.0, 272.0, 587.0]
Epoch 22
# of batches 9
[0.94248271, 6770.0, 7109.0, 254.0, 593.0]
Epoch 23
# of batches 9
[0.94329756, 6769.0, 7122.0, 241.0, 594.0]
Epoch 24
# of batches 9
[0.94329756, 6766.0, 7125.0, 238.0, 597.0]
Epoch 25
# of batches 9
[0.94445199, 6774.0, 7134.0, 229.0, 589.0]
Epoch 26
# of batches 9
[0.9452669, 6781.0, 7139.0, 224.0, 582.0]
Epoch 27
# of batches 9
[0.94662499, 6800.0, 7140.0, 223.0, 563.0]
Epoch 28
# of batches 9
[0.9465571, 6802.0, 7137.0, 226.0, 561.0]
Epoch 29
# of batches 9
[0.94696456, 6807.0, 7138.0, 225.0, 556.0]
Epoch 30
# of batches 9
[0.94710034, 6810.0, 7137.0, 226.0, 553.0]
Epoch 31
# of batches 9
[0.94710034, 6809.0, 7138.0, 225.0, 554.0]
Epoch 32
# of batches 9
[0.94703245, 6804.0, 7142.0, 221.0, 559.0]
Epoch 33
# of batches 9
[0.94676083, 6802.0, 7140.0, 223.0, 561.0]
Epoch 34
# of batches 9
[0.94730407, 6807.0, 7143.0, 220.0, 556.0]
Epoch 35
# of batches 9
[0.94791526, 6813.0, 7146.0, 217.0, 550.0]
Epoch 36
# of batches 9
[0.9483906, 6823.0, 7143.0, 220.0, 540.0]
Epoch 37
# of batches 9
[0.94947714, 6834.0, 7148.0, 215.0, 529.0]
Epoch 38
# of batches 9
[0.95097107, 6852.0, 7152.0, 211.0, 511.0]
Epoch 39
# of batches 9
[0.95165014, 6865.0, 7149.0, 214.0, 498.0]
Epoch 40
# of batches 9
[0.95219338, 6879.0, 7143.0, 220.0, 484.0]
Epoch 41
# of batches 9
[0.95314407, 6901.0, 7135.0, 228.0, 462.0]
Epoch 42
# of batches 9
[0.95375526, 6922.0, 7123.0, 240.0, 441.0]
Epoch 43
# of batches 9
[0.95545292, 6966.0, 7104.0, 259.0, 397.0]
Epoch 44
# of batches 9
[0.95606411, 7005.0, 7074.0, 289.0, 358.0]
Epoch 45
# of batches 9
[0.95687896, 7012.0, 7079.0, 284.0, 351.0]
Epoch 46
# of batches 9
[0.92978406, 6427.0, 7265.0, 98.0, 936.0]
Epoch 47
# of batches 9
[0.95721853, 7015.0, 7081.0, 282.0, 348.0]
Epoch 48
# of batches 9
[0.95097107, 6817.0, 7187.0, 176.0, 546.0]
Epoch 49
# of batches 9
[0.9483906, 6742.0, 7224.0, 139.0, 621.0]
Epoch 50
# of batches 9
[0.95253295, 6818.0, 7209.0, 154.0, 545.0]
Epoch 51
# of batches 9
[0.95226133, 6810.0, 7213.0, 150.0, 553.0]
Epoch 52
# of batches 9
[0.95178598, 6803.0, 7213.0, 150.0, 560.0]
Epoch 53
# of batches 9
[0.95327991, 6834.0, 7204.0, 159.0, 529.0]
Epoch 54
# of batches 9
[0.95321202, 6836.0, 7201.0, 162.0, 527.0]
Epoch 55
# of batches 9
[0.9533478, 6840.0, 7199.0, 164.0, 523.0]
Epoch 56
# of batches 9
[0.95327991, 6842.0, 7196.0, 167.0, 521.0]
Epoch 57
# of batches 9
[0.95382315, 6847.0, 7199.0, 164.0, 516.0]
Epoch 58
# of batches 9
[0.95375526, 6846.0, 7199.0, 164.0, 517.0]
Epoch 59
# of batches 9
[0.9520576, 6815.0, 7205.0, 158.0, 548.0]
Epoch 60
# of batches 9
[0.94859433, 6775.0, 7194.0, 169.0, 588.0]
Epoch 61
# of batches 9
[0.94906968, 6793.0, 7183.0, 180.0, 570.0]
Epoch 62
# of batches 9
[0.95090318, 6878.0, 7125.0, 238.0, 485.0]
Epoch 63
# of batches 9
[0.95273668, 6896.0, 7134.0, 229.0, 467.0]
Epoch 64
# of batches 9
[0.93732172, 6560.0, 7243.0, 120.0, 803.0]
Epoch 65
# of batches 9
[0.95653945, 6949.0, 7137.0, 226.0, 414.0]
Epoch 66
# of batches 9
[0.95131063, 6799.0, 7210.0, 153.0, 564.0]
Epoch 67
# of batches 9
[0.95524919, 6864.0, 7203.0, 160.0, 499.0]
Epoch 68
# of batches 9
[0.95443434, 6840.0, 7215.0, 148.0, 523.0]
Epoch 69
# of batches 9
[0.95280457, 6814.0, 7217.0, 146.0, 549.0]
Epoch 70
# of batches 9
[0.95232922, 6815.0, 7209.0, 154.0, 548.0]
Epoch 71
# of batches 9
[0.95375526, 6845.0, 7200.0, 163.0, 518.0]
Epoch 72
# of batches 9
[0.95715064, 6914.0, 7181.0, 182.0, 449.0]
Epoch 73
# of batches 9
[0.95945948, 6990.0, 7139.0, 224.0, 373.0]
Epoch 74
# of batches 9
[0.95660734, 7140.0, 6947.0, 416.0, 223.0]
Epoch 75
# of batches 9
[0.95280457, 7137.0, 6894.0, 469.0, 226.0]
Epoch 76
# of batches 9
[0.95470595, 6879.0, 7180.0, 183.0, 484.0]
Epoch 77
# of batches 9
[0.95837295, 6945.0, 7168.0, 195.0, 418.0]
Epoch 78
# of batches 9
[0.96095341, 7017.0, 7134.0, 229.0, 346.0]
Epoch 79
# of batches 9
[0.95850879, 6953.0, 7162.0, 201.0, 410.0]
Epoch 80
# of batches 9
[0.95898414, 6994.0, 7128.0, 235.0, 369.0]
Epoch 81
# of batches 9
[0.95776176, 6961.0, 7143.0, 220.0, 402.0]
Epoch 82
# of batches 9
[0.9588483, 6982.0, 7138.0, 225.0, 381.0]
Epoch 83
# of batches 9
[0.95939153, 6978.0, 7150.0, 213.0, 385.0]
Epoch 84
# of batches 9
[0.95993483, 6988.0, 7148.0, 215.0, 375.0]
Epoch 85
# of batches 9
[0.95932364, 6979.0, 7148.0, 215.0, 384.0]
Epoch 86
# of batches 9
[0.95966315, 6987.0, 7145.0, 218.0, 376.0]
Epoch 87
# of batches 9
[0.95959526, 6990.0, 7141.0, 222.0, 373.0]
Epoch 88
# of batches 9
[0.95925575, 6987.0, 7139.0, 224.0, 376.0]
Epoch 89
# of batches 9
[0.95905203, 6988.0, 7135.0, 228.0, 375.0]
Epoch 90
# of batches 9
[0.95932364, 6994.0, 7133.0, 230.0, 369.0]
Epoch 91
# of batches 9
[0.95939153, 7000.0, 7128.0, 235.0, 363.0]
Epoch 92
# of batches 9
[0.95945948, 7005.0, 7124.0, 239.0, 358.0]
Epoch 93
# of batches 9
[0.95966315, 7010.0, 7122.0, 241.0, 353.0]
Epoch 94
# of batches 9
[0.95966315, 7012.0, 7120.0, 243.0, 351.0]
Epoch 95
# of batches 9
[0.96000272, 7018.0, 7119.0, 244.0, 345.0]
Epoch 96
# of batches 9
[0.96000272, 7018.0, 7119.0, 244.0, 345.0]
Epoch 97
# of batches 9
[0.9597311, 7015.0, 7118.0, 245.0, 348.0]
Epoch 98
# of batches 9
[0.95986688, 7013.0, 7122.0, 241.0, 350.0]
Epoch 99
# of batches 9
[0.95986688, 7010.0, 7125.0, 238.0, 353.0]
