Connected to pydev debugger (build 171.4694.38)
Backend TkAgg is interactive backend. Turning interactive mode on.
2018-01-20 23:49:36.515391: I tensorflow/core/platform/cpu_feature_guard.cc:137] Your CPU supports instructions that this TensorFlow binary was not compiled to use: SSE4.1 SSE4.2 AVX AVX2 FMA
Epoch 0
# of batches 48
0.954188
[3369.0, 155823.0, 3612.0, 4031.0]
Epoch 1
# of batches 48
0.964036
[4224.0, 156611.0, 2824.0, 3176.0]
Epoch 2
# of batches 48
0.967255
[4638.0, 156734.0, 2701.0, 2762.0]
Epoch 3
# of batches 48
0.965271
[4957.0, 156084.0, 3351.0, 2443.0]
Epoch 4
# of batches 48
0.96472
[5190.0, 155759.0, 3676.0, 2210.0]
Epoch 5
# of batches 48
0.9687
[5098.0, 156515.0, 2920.0, 2302.0]
Epoch 6
# of batches 48
0.971834
[4989.0, 157147.0, 2288.0, 2411.0]
Epoch 7
# of batches 48
0.971277
[5098.0, 156945.0, 2490.0, 2302.0]
Epoch 8
# of batches 48
0.967009
[5517.0, 155814.0, 3621.0, 1883.0]
Epoch 9
# of batches 48
0.975886
[4851.0, 157961.0, 1474.0, 2549.0]
Epoch 10
# of batches 48
0.974981
[3662.0, 158999.0, 436.0, 3738.0]
Epoch 11
# of batches 48
0.977691
[4439.0, 158674.0, 761.0, 2961.0]
Epoch 12
# of batches 48
0.977643
[4200.0, 158905.0, 530.0, 3200.0]
Epoch 13
# of batches 48
0.975718
[3687.0, 159097.0, 338.0, 3713.0]
Epoch 14
# of batches 48
0.973866
[3320.0, 159155.0, 280.0, 4080.0]
Epoch 15
# of batches 48
0.979117
[4801.0, 158550.0, 885.0, 2599.0]
Epoch 16
# of batches 48
0.973471
[5791.0, 156618.0, 2817.0, 1609.0]
Epoch 17
# of batches 48
0.97386
[5748.0, 156726.0, 2709.0, 1652.0]
Epoch 18
# of batches 48
0.971936
[5881.0, 156272.0, 3163.0, 1519.0]
Epoch 19
# of batches 48
0.980166
[4892.0, 158634.0, 801.0, 2508.0]
Epoch 20
# of batches 48
0.97986
[5223.0, 158252.0, 1183.0, 2177.0]
Epoch 21
# of batches 48
0.979381
[5333.0, 158062.0, 1373.0, 2067.0]
Epoch 22
# of batches 48
0.979435
[5289.0, 158115.0, 1320.0, 2111.0]
Epoch 23
# of batches 48
0.979513
[5285.0, 158132.0, 1303.0, 2115.0]
Epoch 24
# of batches 48
0.979501
[5307.0, 158108.0, 1327.0, 2093.0]
Epoch 25
# of batches 48
0.979501
[5307.0, 158108.0, 1327.0, 2093.0]
Epoch 26
# of batches 48
0.979435
[5310.0, 158094.0, 1341.0, 2090.0]
Epoch 27
# of batches 48
0.979477
[5307.0, 158104.0, 1331.0, 2093.0]
Epoch 28
# of batches 48
0.979465
[5309.0, 158100.0, 1335.0, 2091.0]
Epoch 29
# of batches 48
0.979543
[5305.0, 158117.0, 1318.0, 2095.0]
Epoch 30
# of batches 48
0.979519
[5305.0, 158113.0, 1322.0, 2095.0]
Epoch 31
# of batches 48
0.979555
[5301.0, 158123.0, 1312.0, 2099.0]
Epoch 32
# of batches 48
0.979561
[5301.0, 158124.0, 1311.0, 2099.0]
Epoch 33
# of batches 48
0.979549
[5297.0, 158126.0, 1309.0, 2103.0]
Epoch 34
# of batches 48
0.979579
[5298.0, 158130.0, 1305.0, 2102.0]
Epoch 35
# of batches 48
0.979609
[5294.0, 158139.0, 1296.0, 2106.0]
Epoch 36
# of batches 48
0.979597
[5294.0, 158137.0, 1298.0, 2106.0]
Epoch 37
# of batches 48
0.979615
[5292.0, 158142.0, 1293.0, 2108.0]
Epoch 38
# of batches 48
0.979603
[5293.0, 158139.0, 1296.0, 2107.0]
Epoch 39
# of batches 48
0.979639
[5291.0, 158147.0, 1288.0, 2109.0]
Epoch 40
# of batches 48
0.979609
[5290.0, 158143.0, 1292.0, 2110.0]
Epoch 41
# of batches 48
0.979645
[5288.0, 158151.0, 1284.0, 2112.0]
Epoch 42
# of batches 48
0.979615
[5288.0, 158146.0, 1289.0, 2112.0]
Epoch 43
# of batches 48
0.979645
[5288.0, 158151.0, 1284.0, 2112.0]
Epoch 44
# of batches 48
0.979615
[5288.0, 158146.0, 1289.0, 2112.0]
Epoch 45
# of batches 48
0.979639
[5288.0, 158150.0, 1285.0, 2112.0]
Epoch 46
# of batches 48
0.979621
[5288.0, 158147.0, 1288.0, 2112.0]
Epoch 47
# of batches 48
0.979651
[5288.0, 158152.0, 1283.0, 2112.0]
Epoch 48
# of batches 48
0.979633
[5288.0, 158149.0, 1286.0, 2112.0]
Epoch 49
# of batches 48
0.979663
[5286.0, 158156.0, 1279.0, 2114.0]
Epoch 50
# of batches 48
0.979686
[5289.0, 158157.0, 1278.0, 2111.0]
Epoch 51
# of batches 48
0.979681
[5286.0, 158159.0, 1276.0, 2114.0]
Epoch 52
# of batches 48
0.979693
[5289.0, 158158.0, 1277.0, 2111.0]
Epoch 53
# of batches 48
0.979686
[5286.0, 158160.0, 1275.0, 2114.0]
Epoch 54
# of batches 48
0.979693
[5289.0, 158158.0, 1277.0, 2111.0]
Epoch 55
# of batches 48
0.979686
[5286.0, 158160.0, 1275.0, 2114.0]
Epoch 56
# of batches 48
0.979686
[5289.0, 158157.0, 1278.0, 2111.0]
Epoch 57
# of batches 48
0.979716
[5290.0, 158161.0, 1274.0, 2110.0]
Epoch 58
# of batches 48
0.979698
[5291.0, 158157.0, 1278.0, 2109.0]
Epoch 59
# of batches 48
0.979686
[5288.0, 158158.0, 1277.0, 2112.0]
Epoch 60
# of batches 48
0.979686
[5291.0, 158155.0, 1280.0, 2109.0]
Epoch 61
# of batches 48
0.979681
[5289.0, 158156.0, 1279.0, 2111.0]
Epoch 62
# of batches 48
0.979675
[5289.0, 158155.0, 1280.0, 2111.0]
