Epoch 0
# of batches 48
0.931225
[1944.0, 153417.0, 6018.0, 5456.0]
Epoch 1
# of batches 48
0.941115
[2704.0, 154307.0, 5128.0, 4696.0]
Epoch 2
# of batches 48
0.947553
[3017.0, 155068.0, 4367.0, 4383.0]
Epoch 3
# of batches 48
0.948242
[3256.0, 154944.0, 4491.0, 4144.0]
Epoch 4
# of batches 48
0.948128
[3424.0, 154757.0, 4678.0, 3976.0]
Epoch 5
# of batches 48
0.949351
[3480.0, 154905.0, 4530.0, 3920.0]
Epoch 6
# of batches 48
0.950154
[3542.0, 154977.0, 4458.0, 3858.0]
Epoch 7
# of batches 48
0.950526
[3576.0, 155005.0, 4430.0, 3824.0]
Epoch 8
# of batches 48
0.950238
[3625.0, 154908.0, 4527.0, 3775.0]
Epoch 9
# of batches 48
0.950766
[3694.0, 154927.0, 4508.0, 3706.0]
Epoch 10
# of batches 48
0.951659
[3748.0, 155022.0, 4413.0, 3652.0]
Epoch 11
# of batches 48
0.953235
[3958.0, 155075.0, 4360.0, 3442.0]
Epoch 12
# of batches 48
0.954308
[3938.0, 155274.0, 4161.0, 3462.0]
Epoch 13
# of batches 48
0.956568
[3964.0, 155625.0, 3810.0, 3436.0]
Epoch 14
# of batches 48
0.955411
[4002.0, 155394.0, 4041.0, 3398.0]
Epoch 15
# of batches 48
0.955273
[4130.0, 155243.0, 4192.0, 3270.0]
Epoch 16
# of batches 48
0.955105
[4101.0, 155244.0, 4191.0, 3299.0]
