Connected to pydev debugger (build 171.4694.38)
Backend TkAgg is interactive backend. Turning interactive mode on.
2018-01-23 00:01:17.003168: I tensorflow/core/platform/cpu_feature_guard.cc:137] Your CPU supports instructions that this TensorFlow binary was not compiled to use: SSE4.1 SSE4.2 AVX AVX2 FMA
Epoch 0
# of batches 9
[0.5045498, 70.0, 7360.0, 3.0, 7293.0]
Epoch 1
# of batches 9
[0.72565532, 4851.0, 5835.0, 1528.0, 2512.0]
Epoch 2
# of batches 9
[0.73366833, 6088.0, 4716.0, 2647.0, 1275.0]
Epoch 3
# of batches 9
[0.77495587, 4662.0, 6750.0, 613.0, 2701.0]
Epoch 4
# of batches 9
[0.78928429, 4755.0, 6868.0, 495.0, 2608.0]
Epoch 5
# of batches 9
[0.83254111, 5486.0, 6774.0, 589.0, 1877.0]
Epoch 6
# of batches 9
[0.86174113, 5974.0, 6716.0, 647.0, 1389.0]
Epoch 7
# of batches 9
[0.88469374, 6288.0, 6740.0, 623.0, 1075.0]
Epoch 8
# of batches 9
[0.90099144, 6445.0, 6823.0, 540.0, 918.0]
Epoch 9
# of batches 9
[0.91212821, 6544.0, 6888.0, 475.0, 819.0]
Epoch 10
# of batches 9
[0.91728914, 6609.0, 6899.0, 464.0, 754.0]
Epoch 11
# of batches 9
[0.92238218, 6657.0, 6926.0, 437.0, 706.0]
