2018-01-23 00:33:08.571726: I tensorflow/core/platform/cpu_feature_guard.cc:137] Your CPU supports instructions that this TensorFlow binary was not compiled to use: SSE4.1 SSE4.2 AVX AVX2 FMA
Epoch 0
# of batches 9
[0.50027162, 7363.0, 4.0, 7359.0, 0.0]
Epoch 1
# of batches 9
[0.72748882, 4534.0, 6179.0, 1184.0, 2829.0]
Epoch 2
# of batches 9
[0.72429717, 3729.0, 6937.0, 426.0, 3634.0]
Epoch 3
# of batches 9
[0.78059214, 5948.0, 5547.0, 1816.0, 1415.0]
Epoch 4
# of batches 9
[0.81434196, 5996.0, 5996.0, 1367.0, 1367.0]
Epoch 5
# of batches 9
[0.83213365, 5643.0, 6611.0, 752.0, 1720.0]
Epoch 6
# of batches 9
[0.84992528, 5779.0, 6737.0, 626.0, 1584.0]
Epoch 7
# of batches 9
[0.87477928, 6111.0, 6771.0, 592.0, 1252.0]
Epoch 8
# of batches 9
[0.89487982, 6375.0, 6803.0, 560.0, 988.0]
Epoch 9
# of batches 9
[0.9063561, 6547.0, 6800.0, 563.0, 816.0]
Epoch 10
# of batches 9
[0.91192448, 6607.0, 6822.0, 541.0, 756.0]
Epoch 11
# of batches 9
[0.91477656, 6602.0, 6869.0, 494.0, 761.0]
Epoch 12
# of batches 9
[0.92292541, 6703.0, 6888.0, 475.0, 660.0]
Epoch 13
# of batches 9
[0.9275431, 6744.0, 6915.0, 448.0, 619.0]
Epoch 14
# of batches 9
[0.93134594, 6782.0, 6933.0, 430.0, 581.0]
Epoch 15
# of batches 9
[0.93426591, 6787.0, 6971.0, 392.0, 576.0]
Epoch 16
# of batches 9
[0.93786502, 6798.0, 7013.0, 350.0, 565.0]
Epoch 17
# of batches 9
[0.93969852, 6809.0, 7029.0, 334.0, 554.0]
Epoch 18
# of batches 9
[0.94363713, 6849.0, 7047.0, 316.0, 514.0]
Epoch 19
# of batches 9
[0.94791526, 6902.0, 7057.0, 306.0, 461.0]
Epoch 20
# of batches 9
[0.94900179, 6895.0, 7080.0, 283.0, 468.0]
Epoch 21
# of batches 9
[0.94703245, 6826.0, 7120.0, 243.0, 537.0]
Epoch 22
# of batches 9
[0.94811898, 6830.0, 7132.0, 231.0, 533.0]
Epoch 23
# of batches 9
[0.94676083, 6798.0, 7144.0, 219.0, 565.0]
Epoch 24
# of batches 9
[0.94689667, 6796.0, 7148.0, 215.0, 567.0]
Epoch 25
# of batches 9
[0.94743991, 6800.0, 7152.0, 211.0, 563.0]
Epoch 26
# of batches 9
[0.94581014, 6772.0, 7156.0, 207.0, 591.0]
Epoch 27
# of batches 9
[0.94628549, 6775.0, 7160.0, 203.0, 588.0]
Epoch 28
# of batches 9
[0.94662499, 6783.0, 7157.0, 206.0, 580.0]
Epoch 29
# of batches 9
[0.94635338, 6778.0, 7158.0, 205.0, 585.0]
Epoch 30
# of batches 9
[0.94642133, 6764.0, 7173.0, 190.0, 599.0]
Epoch 31
# of batches 9
[0.94513106, 6740.0, 7178.0, 185.0, 623.0]
Epoch 32
# of batches 9
[0.94553852, 6746.0, 7178.0, 185.0, 617.0]
Epoch 33
# of batches 9
[0.94832271, 6800.0, 7165.0, 198.0, 563.0]
Epoch 34
# of batches 9
[0.94974875, 6834.0, 7152.0, 211.0, 529.0]
Epoch 35
# of batches 9
[0.94988453, 6832.0, 7156.0, 207.0, 531.0]
Epoch 36
# of batches 9
[0.94927341, 6819.0, 7160.0, 203.0, 544.0]
Epoch 37
# of batches 9
[0.94784737, 6781.0, 7177.0, 186.0, 582.0]
Epoch 38
# of batches 9
[0.93331522, 6503.0, 7241.0, 122.0, 860.0]
Epoch 39
# of batches 9
[0.95749015, 7010.0, 7090.0, 273.0, 353.0]
Epoch 40
# of batches 9
[0.9465571, 6759.0, 7180.0, 183.0, 604.0]
Epoch 41
# of batches 9
[0.95640361, 6978.0, 7106.0, 257.0, 385.0]
Epoch 42
# of batches 9
[0.95341575, 6876.0, 7164.0, 199.0, 487.0]
Epoch 43
# of batches 9
[0.95402688, 6891.0, 7158.0, 205.0, 472.0]
Epoch 44
# of batches 9
[0.95260084, 6863.0, 7165.0, 198.0, 500.0]
Epoch 45
# of batches 9
[0.95321202, 6867.0, 7170.0, 193.0, 496.0]
Epoch 46
# of batches 9
[0.95219338, 6839.0, 7183.0, 180.0, 524.0]
Epoch 47
# of batches 9
[0.95083523, 6811.0, 7191.0, 172.0, 552.0]
Epoch 48
# of batches 9
[0.94900179, 6784.0, 7191.0, 172.0, 579.0]
Epoch 49
# of batches 9
[0.94825476, 6767.0, 7197.0, 166.0, 596.0]
Epoch 50
# of batches 9
[0.94723618, 6753.0, 7196.0, 167.0, 610.0]
Epoch 51
# of batches 9
[0.9475078, 6769.0, 7184.0, 179.0, 594.0]
Epoch 52
# of batches 9
[0.94886595, 6808.0, 7165.0, 198.0, 555.0]
Epoch 53
# of batches 9
[0.95063156, 6863.0, 7136.0, 227.0, 500.0]
Epoch 54
# of batches 9
[0.95239711, 6918.0, 7107.0, 256.0, 445.0]
Epoch 55
# of batches 9
[0.95375526, 6950.0, 7095.0, 268.0, 413.0]
Epoch 56
# of batches 9
[0.95613199, 6964.0, 7116.0, 247.0, 399.0]
Epoch 57
# of batches 9
[0.95667529, 6931.0, 7157.0, 206.0, 432.0]
Epoch 58
# of batches 9
[0.92068452, 6299.0, 7259.0, 104.0, 1064.0]
Epoch 59
# of batches 9
[0.96210784, 7156.0, 7012.0, 351.0, 207.0]
Epoch 60
# of batches 9
[0.96319437, 7094.0, 7090.0, 273.0, 269.0]
Epoch 61
# of batches 9
[0.96041018, 7001.0, 7142.0, 221.0, 362.0]
Epoch 62
# of batches 9
[0.95823711, 6939.0, 7172.0, 191.0, 424.0]
Epoch 63
# of batches 9
[0.95511341, 6871.0, 7194.0, 169.0, 492.0]
Epoch 64
# of batches 9
[0.94737202, 6738.0, 7213.0, 150.0, 625.0]
Epoch 65
# of batches 9
[0.93521661, 6537.0, 7235.0, 128.0, 826.0]
Epoch 66
# of batches 9
[0.93059891, 6463.0, 7241.0, 122.0, 900.0]
Epoch 67
# of batches 9
[0.9456743, 6723.0, 7203.0, 160.0, 640.0]
Epoch 68
# of batches 9
[0.96020645, 7027.0, 7113.0, 250.0, 336.0]
Epoch 69
# of batches 9
[0.96373761, 7128.0, 7064.0, 299.0, 235.0]
Epoch 70
# of batches 9
[0.96271902, 7040.0, 7137.0, 226.0, 323.0]
Epoch 71
# of batches 9
[0.95144641, 6791.0, 7220.0, 143.0, 572.0]
Epoch 72
# of batches 9
[0.9475078, 6729.0, 7224.0, 139.0, 634.0]
Epoch 73
# of batches 9
[0.95586038, 6900.0, 7176.0, 187.0, 463.0]
Epoch 74
# of batches 9
[0.95905203, 6979.0, 7144.0, 219.0, 384.0]
Epoch 75
# of batches 9
[0.95898414, 6966.0, 7156.0, 207.0, 397.0]
Epoch 76
# of batches 9
[0.95837295, 6934.0, 7179.0, 184.0, 429.0]
Epoch 77
# of batches 9
[0.95647156, 6896.0, 7189.0, 174.0, 467.0]
Epoch 78
# of batches 9
[0.95497757, 6869.0, 7194.0, 169.0, 494.0]
Epoch 79
# of batches 9
[0.9533478, 6841.0, 7198.0, 165.0, 522.0]
Epoch 80
# of batches 9
[0.95171803, 6813.0, 7202.0, 161.0, 550.0]
Epoch 81
# of batches 9
[0.95015621, 6786.0, 7206.0, 157.0, 577.0]
Epoch 82
# of batches 9
[0.94845849, 6759.0, 7208.0, 155.0, 604.0]
Epoch 83
# of batches 9
[0.9475078, 6744.0, 7209.0, 154.0, 619.0]
Epoch 84
# of batches 9
[0.94730407, 6741.0, 7209.0, 154.0, 622.0]
Epoch 85
# of batches 9
[0.94642133, 6729.0, 7208.0, 155.0, 634.0]
Epoch 86
# of batches 9
[0.94608176, 6725.0, 7207.0, 156.0, 638.0]
Epoch 87
# of batches 9
[0.94533479, 6714.0, 7207.0, 156.0, 649.0]
Epoch 88
# of batches 9
[0.94540268, 6712.0, 7210.0, 153.0, 651.0]
Epoch 89
# of batches 9
[0.94418037, 6690.0, 7214.0, 149.0, 673.0]
Epoch 90
# of batches 9
[0.9438408, 6670.0, 7229.0, 134.0, 693.0]
Epoch 91
# of batches 9
[0.94200736, 6639.0, 7233.0, 130.0, 724.0]
Epoch 92
# of batches 9
[0.94037759, 6608.0, 7240.0, 123.0, 755.0]
Epoch 93
# of batches 9
[0.93895149, 6579.0, 7248.0, 115.0, 784.0]
Epoch 94
# of batches 9
[0.93901944, 6581.0, 7247.0, 116.0, 782.0]
Epoch 95
# of batches 9
[0.93766129, 6565.0, 7243.0, 120.0, 798.0]
Epoch 96
# of batches 9
[0.94132829, 6623.0, 7239.0, 124.0, 740.0]
Epoch 97
# of batches 9
[0.93114221, 6459.0, 7253.0, 110.0, 904.0]
Epoch 98
# of batches 9
[0.93847615, 6649.0, 7171.0, 192.0, 714.0]
Epoch 99
# of batches 9
[0.94866222, 6871.0, 7099.0, 264.0, 492.0]
